2019-01-12 19:22:36,340 INFO  [Log] Driver instantiated 
2019-01-12 19:22:39,887 INFO  [Log] Chrome driver instantiated 
2019-01-12 19:23:02,809 INFO  [Log] URL launched 
2019-01-12 19:23:03,968 INFO  [Log] Window maximized 
2019-01-12 19:23:13,067 INFO  [Log] Clicked on Sign In 
2019-01-12 19:23:13,245 INFO  [Log] Entered email address 
2019-01-12 19:23:22,814 INFO  [Log] Clicked on created account 
2019-01-12 19:23:23,483 INFO  [Log] Browser closed 
2019-01-12 19:25:34,259 INFO  [Log] Driver instantiated 
2019-01-12 19:25:38,273 INFO  [Log] Chrome driver instantiated 
2019-01-12 19:25:56,260 INFO  [Log] URL launched 
2019-01-12 19:25:57,390 INFO  [Log] Window maximized 
2019-01-12 19:26:08,543 INFO  [Log] Clicked on Sign In 
2019-01-12 19:26:08,848 INFO  [Log] Entered email address 
2019-01-12 19:26:18,174 INFO  [Log] Clicked on created account 
2019-01-12 19:26:18,827 INFO  [Log] Browser closed 
2019-01-12 19:27:35,578 INFO  [Log] Driver instantiated 
2019-01-12 19:27:39,587 INFO  [Log] Chrome driver instantiated 
2019-01-12 19:27:40,454 INFO  [Log] Browser closed 
2019-01-12 19:36:06,130 INFO  [Log] Driver instantiated 
2019-01-12 19:36:13,868 INFO  [Log] Chrome driver instantiated 
2019-01-12 19:36:40,797 INFO  [Log] URL launched 
2019-01-12 19:36:42,056 INFO  [Log] Window maximized 
2019-01-12 19:36:51,831 INFO  [Log] Clicked on Sign In 
2019-01-12 19:36:52,530 INFO  [Log] Entered email address 
2019-01-12 19:37:01,514 INFO  [Log] Clicked on created account 
2019-01-12 19:37:02,513 INFO  [Log] Browser closed 
2019-01-12 21:30:43,018 INFO  [Log] Driver instantiated 
2019-01-12 21:30:48,603 INFO  [Log] Chrome driver instantiated 
2019-01-12 21:31:09,802 INFO  [Log] URL launched 
2019-01-12 21:31:10,950 INFO  [Log] Window maximized 
2019-01-12 21:31:20,535 INFO  [Log] Clicked on Sign In 
2019-01-12 21:31:20,700 INFO  [Log] Entered email address 
2019-01-12 21:31:32,813 INFO  [Log] Clicked on created account 
2019-01-12 21:31:33,454 INFO  [Log] Browser closed 
2019-01-12 23:09:29,878 INFO  [Log] Driver instantiated 
2019-01-12 23:09:41,435 INFO  [Log] Chrome driver instantiated 
2019-01-12 23:14:50,852 INFO  [Log] Driver instantiated 
2019-01-12 23:14:53,842 INFO  [Log] Chrome driver instantiated 
2019-01-12 23:17:46,240 INFO  [Log] Driver instantiated 
2019-01-12 23:17:50,195 INFO  [Log] Chrome driver instantiated 
2019-01-12 23:20:04,820 INFO  [Log] Driver instantiated 
2019-01-12 23:20:09,894 INFO  [Log] Chrome driver instantiated 
2019-01-12 23:20:33,171 INFO  [Log] URL launched 
2019-01-12 23:20:34,385 INFO  [Log] Window maximized 
2019-01-12 23:20:58,265 INFO  [Log] URL launched 
2019-01-12 23:20:58,270 INFO  [Log] Window maximized 
2019-01-12 23:21:09,927 INFO  [Log] Clicked on Sign In 
2019-01-12 23:21:10,188 INFO  [Log] Entered email address for TC1 
2019-01-12 23:21:19,787 INFO  [Log] Clicked on created account for TC1 
2019-01-12 23:21:27,651 INFO  [Log] Entered email address for TC2 
2019-01-12 23:21:39,172 INFO  [Log] Clicked on created account for TC2 
2019-01-12 23:21:47,316 INFO  [Log] Browser closed 
2019-01-12 23:35:20,605 INFO  [Log] Driver instantiated 
2019-01-12 23:35:25,393 INFO  [Log] Chrome driver instantiated 
2019-01-12 23:35:43,894 INFO  [Log] URL launched 
2019-01-12 23:35:45,034 INFO  [Log] Window maximized 
2019-01-12 23:36:05,801 INFO  [Log] URL launched 
2019-01-12 23:36:05,805 INFO  [Log] Window maximized 
2019-01-12 23:36:15,623 INFO  [Log] Clicked on Sign In 
2019-01-12 23:36:15,968 INFO  [Log] Entered email address for TC1 
2019-01-12 23:36:24,993 INFO  [Log] Clicked on created account for TC1 
2019-01-12 23:36:33,566 INFO  [Log] Entered email address for TC2 
2019-01-12 23:36:44,922 INFO  [Log] Clicked on created account for TC2 
2019-01-12 23:36:53,415 INFO  [Log] Browser closed 
2019-01-12 23:37:44,028 INFO  [Log] Driver instantiated 
2019-01-12 23:37:48,159 INFO  [Log] Chrome driver instantiated 
2019-01-12 23:38:05,343 INFO  [Log] URL launched 
2019-01-12 23:38:06,485 INFO  [Log] Window maximized 
2019-01-12 23:38:29,695 INFO  [Log] URL launched 
2019-01-12 23:38:29,700 INFO  [Log] Window maximized 
2019-01-12 23:38:39,436 INFO  [Log] Clicked on Sign In 
2019-01-12 23:38:39,625 INFO  [Log] Entered email address for TC1 
2019-01-12 23:38:48,708 INFO  [Log] Clicked on created account for TC1 
2019-01-12 23:38:56,738 INFO  [Log] Entered email address for TC2 
2019-01-12 23:39:08,183 INFO  [Log] Clicked on created account for TC2 
2019-01-12 23:39:16,802 INFO  [Log] Browser closed 
2019-01-12 23:42:19,913 INFO  [Log] Driver instantiated 
2019-01-12 23:42:22,799 INFO  [Log] Chrome driver instantiated 
2019-01-12 23:42:42,905 INFO  [Log] URL launched 
2019-01-12 23:42:50,995 INFO  [Log] Window maximized 
2019-01-12 23:43:03,838 INFO  [Log] Browser closed 
2019-01-12 23:44:55,239 INFO  [Log] Driver instantiated 
2019-01-12 23:44:58,454 INFO  [Log] Chrome driver instantiated 
2019-01-12 23:45:00,718 INFO  [Log] URL launched 
2019-01-12 23:45:01,861 INFO  [Log] Window maximized 
2019-01-12 23:45:11,768 INFO  [Log] Browser closed 
2019-01-12 23:45:23,735 INFO  [Log] Driver instantiated 
2019-01-12 23:45:26,722 INFO  [Log] Chrome driver instantiated 
2019-01-12 23:45:28,993 INFO  [Log] URL launched 
2019-01-12 23:45:30,122 INFO  [Log] Window maximized 
2019-01-12 23:45:52,297 INFO  [Log] URL launched 
2019-01-12 23:45:52,305 INFO  [Log] Window maximized 
2019-01-12 23:46:08,041 INFO  [Log] Browser closed 
2019-01-12 23:46:13,824 INFO  [Log] Driver instantiated 
2019-01-12 23:46:17,122 INFO  [Log] Chrome driver instantiated 
2019-01-12 23:46:25,441 INFO  [Log] URL launched 
2019-01-12 23:46:26,607 INFO  [Log] Window maximized 
2019-01-12 23:46:29,748 INFO  [Log] URL launched 
2019-01-12 23:46:29,762 INFO  [Log] Window maximized 
2019-01-12 23:46:32,675 INFO  [Log] Clicked on Sign In 
2019-01-12 23:46:32,914 INFO  [Log] Entered email address for TC1 
2019-01-12 23:46:33,033 INFO  [Log] Clicked on created account for TC1 
2019-01-12 23:46:54,464 INFO  [Log] Browser closed 
2019-01-12 23:50:37,087 INFO  [Log] Driver instantiated 
2019-01-12 23:50:39,951 INFO  [Log] Chrome driver instantiated 
2019-01-12 23:50:58,160 INFO  [Log] URL launched 
2019-01-12 23:50:59,322 INFO  [Log] Window maximized 
2019-01-12 23:51:22,494 INFO  [Log] URL launched 
2019-01-12 23:51:22,501 INFO  [Log] Window maximized 
2019-01-12 23:51:32,046 INFO  [Log] Clicked on Sign In 
2019-01-12 23:51:32,494 INFO  [Log] Entered email address for TC1 
2019-01-12 23:51:41,779 INFO  [Log] Clicked on created account for TC1 
2019-01-12 23:51:49,829 INFO  [Log] Entered email address for TC2 
2019-01-12 23:52:01,569 INFO  [Log] Clicked on created account for TC2 
2019-01-12 23:52:10,085 INFO  [Log] Browser closed 
